#
# A fatal error has been detected by the Java Runtime Environment:
#
#  EXCEPTION_ACCESS_VIOLATION (0xc0000005) at pc=0xe96d0e84, pid=5432, tid=5468
#
# JRE version: 6.0_29-b11
# Java VM: Java HotSpot(TM) Client VM (20.4-b02 mixed mode, sharing windows-x86 )
# Problematic frame:
# C  0xe96d0e84
#
# If you would like to submit a bug report, please visit:
#   http://java.sun.com/webapps/bugreport/crash.jsp
# The crash happened outside the Java Virtual Machine in native code.
# See problematic frame for where to report the bug.
#

---------------  T H R E A D  ---------------

Current thread (0x07887400):  JavaThread "AWT-Windows" daemon [_thread_in_native, id=5468, stack(0x02560000,0x02660000)]

siginfo: ExceptionCode=0xc0000005, reading address 0xe96d0e84

Registers:
EAX=0x6d0c0152, EBX=0x00000001, ECX=0x07843ba0, EDX=0x00000004
ESP=0x0265faa0, EBP=0x0265facc, ESI=0x07887528, EDI=0x07843ba0
EIP=0xe96d0e84, EFLAGS=0x00010293

Top of Stack: (sp=0x0265faa0)
0x0265faa0:   6d09ccc0 00000000 6d09c780 00000000
0x0265fab0:   0265fb48 00000000 07887528 0265faa4
0x0265fac0:   0265fb60 6d0c0628 00000001 0265faf8
0x0265fad0:   76a46238 000104b6 0000981a 07843ba0
0x0265fae0:   00000000 6d09c780 dcbaabcd 00000000
0x0265faf0:   00000000 6d09c780 0265fb70 76a468ea
0x0265fb00:   6d09c780 000104b6 0000981a 07843ba0
0x0265fb10:   00000000 d2adc21c 0265fc04 0265fbfc 

Instructions: (pc=0xe96d0e84)
0xe96d0e64:   
[error occurred during error reporting (printing registers, top of stack, instructions near pc), id 0xc0000005]

Register to memory mapping:

EAX=0x6d0c0152 is an unknown value
EBX=0x00000001 is an unknown value
ECX=0x07843ba0 is an unknown value
EDX=0x00000004 is an unknown value
ESP=0x0265faa0 is pointing into the stack for thread: 0x07887400
EBP=0x0265facc is pointing into the stack for thread: 0x07887400
ESI=0x07887528 is an unknown value
EDI=0x07843ba0 is an unknown value


Stack: [0x02560000,0x02660000],  sp=0x0265faa0,  free space=1022k
Native frames: (J=compiled Java code, j=interpreted, Vv=VM code, C=native code)
C  0xe96d0e84
C  [USER32.dll+0x16238]  gapfnScSendMessage+0x270
C  [USER32.dll+0x168ea]  gapfnScSendMessage+0x922
C  [USER32.dll+0x17d31]  LoadStringW+0x11f
C  [USER32.dll+0x17dfa]  DispatchMessageW+0xf

Java frames: (J=compiled Java code, j=interpreted, Vv=VM code)
j  sun.awt.windows.WToolkit.eventLoop()V+0
j  sun.awt.windows.WToolkit.run()V+52
v  ~StubRoutines::call_stub

---------------  P R O C E S S  ---------------

Java Threads: ( => current thread )
  0x078bb000 JavaThread "Thread-15" [_thread_blocked, id=3520, stack(0x08ae0000,0x08b30000)]
  0x078b8400 JavaThread "thread applet-StayWave10-3" [_thread_blocked, id=2732, stack(0x07fb0000,0x08000000)]
  0x078b7c00 JavaThread "Applet 3 LiveConnect Worker Thread" [_thread_blocked, id=3160, stack(0x07f20000,0x07f70000)]
  0x078ba800 JavaThread "Thread-13" [_thread_blocked, id=5700, stack(0x08a50000,0x08aa0000)]
  0x078b7000 JavaThread "AWT-EventQueue-0" [_thread_blocked, id=6000, stack(0x08830000,0x08880000)]
  0x078b9400 JavaThread "AWT-EventQueue-2" [_thread_in_native, id=5740, stack(0x083a0000,0x083f0000)]
  0x078b9000 JavaThread "JVM[id=0]-Heartbeat" daemon [_thread_blocked, id=5736, stack(0x08310000,0x08360000)]
  0x078b8800 JavaThread "AWT-Shutdown" [_thread_blocked, id=5732, stack(0x08040000,0x08090000)]
  0x078b7800 JavaThread "Browser Side Object Cleanup Thread" [_thread_blocked, id=5712, stack(0x07e90000,0x07ee0000)]
  0x078b6800 JavaThread "Windows Tray Icon Thread" [_thread_in_native, id=5696, stack(0x081f0000,0x08240000)]
  0x078b6400 JavaThread "CacheCleanUpThread" daemon [_thread_blocked, id=5692, stack(0x08160000,0x081b0000)]
  0x07892000 JavaThread "CacheMemoryCleanUpThread" daemon [_thread_blocked, id=5688, stack(0x080d0000,0x08120000)]
  0x0255fc00 JavaThread "SysExecutionTheadCreator" daemon [_thread_blocked, id=5672, stack(0x07c10000,0x07c60000)]
=>0x07887400 JavaThread "AWT-Windows" daemon [_thread_in_native, id=5468, stack(0x02560000,0x02660000)]
  0x07886000 JavaThread "Java2D Disposer" daemon [_thread_blocked, id=5632, stack(0x07e00000,0x07e50000)]
  0x0787d400 JavaThread "Java Plug-In Pipe Worker Thread (Client-Side)" daemon [_thread_in_native, id=5600, stack(0x07ca0000,0x07cf0000)]
  0x07870800 JavaThread "Timer-0" [_thread_blocked, id=5592, stack(0x07a80000,0x07ad0000)]
  0x0253bc00 JavaThread "traceMsgQueueThread" daemon [_thread_blocked, id=5584, stack(0x076b0000,0x07700000)]
  0x024e8400 JavaThread "Low Memory Detector" daemon [_thread_blocked, id=5532, stack(0x05cd0000,0x05d20000)]
  0x024e6c00 JavaThread "C1 CompilerThread0" daemon [_thread_blocked, id=5524, stack(0x05c40000,0x05c90000)]
  0x024e5c00 JavaThread "Attach Listener" daemon [_thread_blocked, id=5520, stack(0x05bb0000,0x05c00000)]
  0x024e2c00 JavaThread "Signal Dispatcher" daemon [_thread_blocked, id=5516, stack(0x05b20000,0x05b70000)]
  0x024dc400 JavaThread "Finalizer" daemon [_thread_blocked, id=5496, stack(0x05550000,0x055a0000)]
  0x024db000 JavaThread "Reference Handler" daemon [_thread_blocked, id=5492, stack(0x05380000,0x053d0000)]
  0x001ab400 JavaThread "main" [_thread_blocked, id=5456, stack(0x002e0000,0x00330000)]

Other Threads:
  0x0249e400 VMThread [stack: 0x04b10000,0x04b60000] [id=5480]
  0x024f6000 WatcherThread [stack: 0x05d60000,0x05db0000] [id=5540]

VM state:not at safepoint (normal execution)

VM Mutex/Monitor currently owned by a thread: None

Heap
 def new generation   total 4928K, used 1388K [0x245c0000, 0x24b10000, 0x29b10000)
  eden space 4416K,  30% used [0x245c0000, 0x247127f0, 0x24a10000)
  from space 512K,   6% used [0x24a90000, 0x24a98b48, 0x24b10000)
  to   space 512K,   0% used [0x24a10000, 0x24a10000, 0x24a90000)
 tenured generation   total 10944K, used 2064K [0x29b10000, 0x2a5c0000, 0x345c0000)
   the space 10944K,  18% used [0x29b10000, 0x29d141a0, 0x29d14200, 0x2a5c0000)
 compacting perm gen  total 12288K, used 2496K [0x345c0000, 0x351c0000, 0x385c0000)
   the space 12288K,  20% used [0x345c0000, 0x34830018, 0x34830200, 0x351c0000)
    ro space 10240K,  51% used [0x385c0000, 0x38aed0b8, 0x38aed200, 0x38fc0000)
    rw space 12288K,  54% used [0x38fc0000, 0x39659570, 0x39659600, 0x39bc0000)

Code Cache  [0x02a10000, 0x02b10000, 0x04a10000)
 total_blobs=548 nmethods=340 adapters=144 free_code_cache=32519424 largest_free_block=3328

Dynamic libraries:
0x00400000 - 0x00424000 	C:\Program Files (x86)\Java\jre6\bin\java.exe
0x77280000 - 0x77400000 	C:\Windows\SysWOW64\ntdll.dll
0x74e50000 - 0x74f50000 	C:\Windows\syswow64\kernel32.dll
0x763f0000 - 0x76436000 	C:\Windows\syswow64\KERNELBASE.dll
0x75df0000 - 0x75e90000 	C:\Windows\syswow64\ADVAPI32.dll
0x76190000 - 0x7623c000 	C:\Windows\syswow64\msvcrt.dll
0x76b40000 - 0x76b59000 	C:\Windows\SysWOW64\sechost.dll
0x76d90000 - 0x76e80000 	C:\Windows\syswow64\RPCRT4.dll
0x74df0000 - 0x74e50000 	C:\Windows\syswow64\SspiCli.dll
0x74de0000 - 0x74dec000 	C:\Windows\syswow64\CRYPTBASE.dll
0x73390000 - 0x733db000 	C:\Windows\system32\apphelp.dll
0x6e130000 - 0x6e1bc000 	C:\Windows\AppPatch\AcLayers.DLL
0x76a30000 - 0x76b30000 	C:\Windows\syswow64\USER32.dll
0x75010000 - 0x750a0000 	C:\Windows\syswow64\GDI32.dll
0x77250000 - 0x7725a000 	C:\Windows\syswow64\LPK.dll
0x764c0000 - 0x7655d000 	C:\Windows\syswow64\USP10.dll
0x750d0000 - 0x75d19000 	C:\Windows\syswow64\SHELL32.dll
0x75f20000 - 0x75f77000 	C:\Windows\syswow64\SHLWAPI.dll
0x76670000 - 0x767cc000 	C:\Windows\syswow64\ole32.dll
0x74f80000 - 0x7500f000 	C:\Windows\syswow64\OLEAUT32.dll
0x734e0000 - 0x734f7000 	C:\Windows\system32\USERENV.dll
0x734d0000 - 0x734db000 	C:\Windows\system32\profapi.dll
0x73110000 - 0x73161000 	C:\Windows\system32\WINSPOOL.DRV
0x71ee0000 - 0x71ef2000 	C:\Windows\system32\MPR.dll
0x76b70000 - 0x76bd0000 	C:\Windows\system32\IMM32.DLL
0x75d20000 - 0x75dec000 	C:\Windows\syswow64\MSCTF.dll
0x7c340000 - 0x7c396000 	C:\Program Files (x86)\Java\jre6\bin\msvcr71.dll
0x6d7f0000 - 0x6da9f000 	C:\Program Files (x86)\Java\jre6\bin\client\jvm.dll
0x73490000 - 0x734c2000 	C:\Windows\system32\WINMM.dll
0x6d7a0000 - 0x6d7ac000 	C:\Program Files (x86)\Java\jre6\bin\verify.dll
0x6d320000 - 0x6d33f000 	C:\Program Files (x86)\Java\jre6\bin\java.dll
0x6d000000 - 0x6d14c000 	C:\Program Files (x86)\Java\jre6\bin\awt.dll
0x72000000 - 0x7219e000 	C:\Windows\WinSxS\x86_microsoft.windows.common-controls_6595b64144ccf1df_6.0.7600.16385_none_421189da2b7fabfc\COMCTL32.dll
0x72a80000 - 0x72b00000 	C:\Windows\system32\uxtheme.dll
0x6df60000 - 0x6e123000 	C:\Windows\system32\d3d9.dll
0x74b50000 - 0x74b59000 	C:\Windows\system32\VERSION.dll
0x6ee20000 - 0x6ee26000 	C:\Windows\system32\d3d8thk.dll
0x72a60000 - 0x72a73000 	C:\Windows\system32\dwmapi.dll
0x6d7e0000 - 0x6d7ef000 	C:\Program Files (x86)\Java\jre6\bin\zip.dll
0x6df50000 - 0x6df58000 	C:\Windows\system32\atiu9pag.dll
0x6dbd0000 - 0x6df46000 	C:\Windows\system32\atiumdag.dll
0x04cb0000 - 0x04f8f000 	C:\Windows\system32\atiumdva.dll
0x74390000 - 0x74398000 	C:\Program Files (x86)\Yandex\Punto Switcher\pshook.dll
0x74f50000 - 0x74f7a000 	C:\Windows\syswow64\imagehlp.dll
0x10000000 - 0x1008c000 	C:\Program Files (x86)\RelevantKnowledge\rlls.dll
0x76150000 - 0x76185000 	C:\Windows\syswow64\WS2_32.dll
0x767d0000 - 0x767d6000 	C:\Windows\syswow64\NSI.dll
0x73170000 - 0x731ac000 	C:\Windows\system32\OLEACC.dll
0x76560000 - 0x76654000 	C:\Windows\syswow64\WININET.dll
0x76660000 - 0x76663000 	C:\Windows\syswow64\Normaliz.dll
0x76010000 - 0x76145000 	C:\Windows\syswow64\urlmon.dll
0x76240000 - 0x7635c000 	C:\Windows\syswow64\CRYPT32.dll
0x76b30000 - 0x76b3c000 	C:\Windows\syswow64\MSASN1.dll
0x767e0000 - 0x769d9000 	C:\Windows\syswow64\iertutil.dll
0x729e0000 - 0x72a01000 	C:\Windows\system32\ntmarta.dll
0x769e0000 - 0x76a25000 	C:\Windows\syswow64\WLDAP32.dll
0x73970000 - 0x739aa000 	C:\Windows\system32\Schannel.dll
0x6d420000 - 0x6d426000 	C:\Program Files (x86)\Java\jre6\bin\jp2native.dll
0x6d1d0000 - 0x6d1e3000 	C:\Program Files (x86)\Java\jre6\bin\deploy.dll
0x6d6a0000 - 0x6d6e6000 	C:\Program Files (x86)\Java\jre6\bin\regutils.dll
0x6d600000 - 0x6d613000 	C:\Program Files (x86)\Java\jre6\bin\net.dll
0x735a0000 - 0x735dc000 	C:\Windows\system32\mswsock.dll
0x74300000 - 0x74306000 	C:\Windows\System32\wship6.dll
0x6d620000 - 0x6d629000 	C:\Program Files (x86)\Java\jre6\bin\nio.dll
0x6d230000 - 0x6d27f000 	C:\Program Files (x86)\Java\jre6\bin\fontmanager.dll
0x76b60000 - 0x76b65000 	C:\Windows\system32\PSAPI.DLL

VM Arguments:
jvm_args: -D__jvm_launched=144915590 -Xbootclasspath/a:C:\\PROGRA~2\\Java\\jre6\\lib\\deploy.jar;C:\\PROGRA~2\\Java\\jre6\\lib\\javaws.jar;C:\\PROGRA~2\\Java\\jre6\\lib\\plugin.jar -Dsun.awt.warmup=true -Dsun.plugin2.jvm.args=-D__jvm_launched=144915590 "-Xbootclasspath/a:C:\\\\PROGRA~2\\\\Java\\\\jre6\\\\lib\\\\deploy.jar;C:\\\\PROGRA~2\\\\Java\\\\jre6\\\\lib\\\\javaws.jar;C:\\\\PROGRA~2\\\\Java\\\\jre6\\\\lib\\\\plugin.jar" "-Djava.class.path=C:\\\\PROGRA~2\\\\Java\\\\jre6\\\\classes" -Dsun.awt.warmup=true --- -- 
java_command: sun.plugin2.main.client.PluginMain write_pipe_name=jpi2_pid4896_pipe2,read_pipe_name=jpi2_pid4896_pipe1
Launcher Type: SUN_STANDARD

Environment Variables:
PATH=C:\Program Files (x86)\Mozilla Firefox;C:\Windows\system32;C:\Windows;C:\Windows\System32\Wbem;C:\Windows\System32\WindowsPowerShell\v1.0\;C:\Program Files (x86)\EgisTec MyWinLocker\x86;C:\Program Files (x86)\EgisTec MyWinLocker\x64;C:\Program Files (x86)\ATI Technologies\ATI.ACE\Core-Static;C:\Program Files (x86)\Common Files\Adobe\AGL
USERNAME=Михаил
OS=Windows_NT
PROCESSOR_IDENTIFIER=Intel64 Family 6 Model 37 Stepping 2, GenuineIntel



---------------  S Y S T E M  ---------------

OS: Windows 7 , 64 bit Build 7600 

CPU:total 4 (2 cores per cpu, 2 threads per core) family 6 model 37 stepping 2, cmov, cx8, fxsr, mmx, sse, sse2, sse3, ssse3, sse4.1, sse4.2, popcnt, ht

Memory: 4k page, physical 4051456k(2628168k free), swap 8101012k(6317904k free)

vm_info: Java HotSpot(TM) Client VM (20.4-b02) for windows-x86 JRE (1.6.0_29-b11), built on Oct  3 2011 01:01:08 by "java_re" with MS VC++ 7.1 (VS2003)

time: Thu Nov 03 11:40:42 2011
elapsed time: 3227 seconds

